**** START BUILDER ****
**** START BUILD ALL IMAGE ****
**** Build cachethq image ***
Sending build context to Docker daemon  23.04kB
Step 1/16 : FROM debian:jessie
 ---> d86f7a8ce98f
Step 2/16 : MAINTAINER Alt Three <support@alt-three.com>
 ---> Running in 624772845c98
 ---> 333a0ed67b66
Removing intermediate container 624772845c98
Step 3/16 : EXPOSE 8000
 ---> Running in fea6568c92c2
 ---> 293787c5ce97
Removing intermediate container fea6568c92c2
Step 4/16 : CMD /sbin/entrypoint.sh
 ---> Running in ab2ffe093149
 ---> 23063c19be64
Removing intermediate container ab2ffe093149
Step 5/16 : ARG cachet_ver
 ---> Running in 6c1d450f5141
