Deleted Images:
untagged: wonderfall/rtorrent-flood:latest
untagged: wonderfall/rtorrent-flood@sha256:8abc58eac633094a3e528a41ed0834cb8b1591798d7e7da259ff9d5fd59770ed
deleted: sha256:42382d03d1e8fb23c7fd38a9721f2ce6c2b9f853619f6084fcc8d5f9eda7ff22
deleted: sha256:2bb660fd1fb8b2ec739d7a91add65a0bf24f8e40ecd95e0b0ce78e8615b49337
deleted: sha256:b80c13d9c35a5ad755c11dd288117aef33a34e90da86f1b909e66b3cf086a2dd
deleted: sha256:f2f9b0fb196dbf48f3dd0ec42f2397026a5027cac80cb80fcb7050dc43820e00
deleted: sha256:6d4d475711f7ab099e135270e50cdd5ce867390a1277e48ff9e8adb4aa7b7915
deleted: sha256:4b48712b4d8ce4a7ff2767d53dd59707fd29607b2d34cbac5e8e07f8ffc88437
deleted: sha256:f920165142203e27c19beb0ba573f6a3c97f5db6784f4fe0b4abc679200a3e22
deleted: sha256:8fe23a430bbde9d73b805f02b593447b3d95c02e495bd79143ba30846c0c8639
deleted: sha256:d8cc4859ea0f0ee07397d5b8ebc0e8bbd86dd046f4a6cf52a0cc35fd6d599b41
deleted: sha256:9586638e7585cdace5f8b1cc0477767802e44a5e07901f1d610efb39f06fd5f8
untagged: drone/drone:latest
untagged: drone/drone@sha256:91f30b2f771a173d797740fdb1ba56f5f77dc1079fc8a6aac7af182c0b6b6099
deleted: sha256:1b617e7b3ff81f26c89eb1ed198f5067071a6b3fea8526b350b88a1fa12adeb1
deleted: sha256:25bdd60c7fe715e3f22892b7cd67650df03d91e0a55d995d03008bec66ae7ef4

Total reclaimed space: 489.8MB
Deleted Images:
untagged: hardware/postfixadmin:latest
untagged: hardware/postfixadmin@sha256:d034a0cbf5ea112d01910471a3cf0cdf7ec763d57514644f96b404e2bdf1fab3
deleted: sha256:9abf1c123bd8ab8f2a472ac5cddba293af22dc7e131e81f6816a7205c8ce3614
deleted: sha256:bdc1c2a9677d5172f5a7e498630cb0c41a274e0a51f149920e96cd293659eb26
deleted: sha256:b4f1aa16859361a9059bac807c066c0780fd249cc44ea5d18d8099f65e46a932
deleted: sha256:779960b9ba2d06a4df06963e340e0a6aeeffd4174c4ef04bbcc89166ee36b3f6
deleted: sha256:8f53763404ad1f77d207f65e0821cda0e411ba1826e6c3651b0b820fdb162126
deleted: sha256:5abaf3f07ed64236cb8184de5c6419067f4f2a0669625b9ac8d85a8e14902651
deleted: sha256:074135c3d3b3fce7b346b9c7bc7311574ff26e207490ffa68a6a701b44c38dad
deleted: sha256:315888474d910090ecc8b776ee5528d8c3e6641c83579897ec7e7c489bb29eb3
untagged: hardware/rainloop:latest
untagged: hardware/rainloop@sha256:6cda6cff1ea4dc4d78a2118b30fdd4cea051ae428cc5767a5aaf49aea3baa3f7
deleted: sha256:9c23cb626dbd6b8f67a21f7ff62ccb7f2a5c2aeaf2d67acfae4e1fd17b98a35c
deleted: sha256:f69496583159035d80e6db4946876a43c7364b85c5eefbdfa17ad4b253a2dee4
deleted: sha256:96e3ecf5c4bdf672997644b0ba4952a354df2aa344f0940396c18f1368cf7897
deleted: sha256:047d0a0246eea0203782fca0127d21015d4dd81b6fa7c108fd06dab0889897e8
deleted: sha256:e1dce61dabb506a4a5525609a4a8a39c6254c15e2b3e70dce975ef833dee78aa
deleted: sha256:4fb668c9a00b15dd98e378344b43a158e4081338f0c21d191898f9c2457b02c3
deleted: sha256:0fa66db86c38a577c5f9f548b5e17ffc4751d0b4620c0be51e5e0a12c29faa01
untagged: hardware/nsd-dnssec:latest
untagged: hardware/nsd-dnssec@sha256:33aa8f3b0c60477c1ce75e41a775ec16d71e942400a98c37639d734f29b22aed
deleted: sha256:4d6b090fa54457ce1d5036167521d07f43df0ef92c4722cbd3173c8ed01edf63
deleted: sha256:f07c4e0d1b5fd3fb47514620d62db513b46ceae6922e14fffdb09414e39a5cbd
deleted: sha256:b78d843acff59f91d977e876a4921f4116b573cadbf929f31936ed9eaeabc9e2
deleted: sha256:5e79e86b89a5dc6a1ba506465782d7c583a9ad16d5c6a11c19aefe78000000d6
deleted: sha256:39896d118db135364a1c88200a2b7de4c2ce9e5e28a04bad6b81a0ffece1507e
deleted: sha256:07aa4e280fff5f74a3796939676576c6a1901e085f3f79ce4b6c472d8cc6db9e
deleted: sha256:29803bc6818a461494fcf97226ca69f5113880d317535c7f7027125ae7e55aab
untagged: postgres:alpine
untagged: postgres@sha256:5fd73de311d304caeb4f907d4f559d322805abc622e4baf5788c6a079ee5224e
deleted: sha256:e9e9c44705225c94547a659ce26e9b8c244de7aaf777b93c0e28a9012caa3ba0
deleted: sha256:3b1d65826e9957e102045395056a084f0fa8b0956add04664355f0fd152f9b7e
deleted: sha256:7dee6051759f0834528a641b45e62d310f076b248f3840f66b7e497e4759e2f4
deleted: sha256:3db965404d23f5c5ddad75fb6274e703ee4a90a98f94c5452603dcda13c184e1
deleted: sha256:6f34a18482e72be34e90780406312e76c5dc6354679a14a032e5994d0154b1bb
deleted: sha256:98ade54b061cc33aa57bf056894c6dcac00defdd7e2929e428f7c0805cc00b18
deleted: sha256:1c0410bb1c5f7e1aec09167afecc871bda4bf0146588c668a8169a8114ceeda2
untagged: hardware/mailserver:latest
untagged: hardware/mailserver@sha256:5ff8559ba758cd23f44121e64c152edded8a3370f46bff23d946b4209bdb375b
deleted: sha256:834cbdab45d6520efb2d1db679bb65c10e7e5c6c1d66b46082362d1eaa269805
deleted: sha256:4130bf6883bb66aaf48cd93e12c196d3554364b466620f2b28968f9c4bcc4f78
deleted: sha256:d43775652c838f75e954ab22f913289820b65d8782d35e1cb8bf478014c612db

Total reclaimed space: 269.7MB
Deleted Images:
untagged: xataz/emby:latest
untagged: xataz/emby@sha256:15978424b63c8af605fbce592e3738284546e241acb2e5aaa884014e1086fa3c
deleted: sha256:8e669fd2c12ed47e6389d6ff4c125af5ad8c73619f2d31159396f53216b097da
deleted: sha256:55d61a7f5bedddee83ebfc30de3a77b5e3f6053c5ebaa9e1de16258f288f491b
deleted: sha256:059a5526fd8bc9fee9cbbec3d9daaf12330a2477de0a2fa381babbdd6d494550
deleted: sha256:df95f6dd6fcc2bd61ededc6a9a44408defc0e9e495d85b7391c6a2275c40fa45
untagged: wonderfall/nextcloud:11.0
untagged: wonderfall/nextcloud@sha256:f8624ec14fe034a1bdcb9f212a1867624d02edb5d3ae7153c50762c4540db583
deleted: sha256:b28d4e6a32016148d22a16c39fa9df426bfd29d9d51f2a6b9af0e637d7a47ca4
deleted: sha256:b132f9bccb6787e398c6f93dc04d091de9698b59205a7a6faf38f1f2eaaa5caf
deleted: sha256:7da37a5d8f142a3bba80cc5acbfdf3b1402e910f2cc52335d8a0a51a4fec270e
deleted: sha256:a7f167d25e81a1b7d300e23fca0e341a927c30fa2c87d4eaf04768f90676fb63
deleted: sha256:3a7e89b341b8c20cb4d14ad572c8c4dbf6348c740a5ca350dd7035a83d9353e0
deleted: sha256:d1a28d938228e1a0a05e4a93b489c1f7fe20f581322fb0da5c08b1b6e1f05eff
untagged: phpmyadmin/phpmyadmin:edge-4.8
untagged: phpmyadmin/phpmyadmin@sha256:fe30d6ef7bb4f88c9dcd42499e20a3db10b40e0be952102420ffcd5231322f7a
deleted: sha256:4f68c3e519ab1d7baf8eb0b879c1e42b029442ff5b815aa4849b0a42bfa6b2a6
deleted: sha256:0f054fb96a22fb9a6d1997b707d5e059aac363b9f419767cbd23f51689cd005f
deleted: sha256:54202934ff60e78e45c381278f7602ccb392311b0be1a94cef48abffee70e2d1
deleted: sha256:06157d3b1e362a90de218c83f90794c75dc500f50da04ec1c5120351991d139c
deleted: sha256:122dd406abbaf307dd8d6871b50d0003da18066c1c00defa956bb17eca180d26
deleted: sha256:ad4db716be3bd93587d9ce8762a1a6a002d55481ef004b75adc0525617c9fc97
deleted: sha256:655fa6eb02f3b17f96b63fa13015517ef99ad089464926d5d34335edd8d57c2f
deleted: sha256:08ca2cd5b9f9e0913d671b407e28523559398ec9b06bb2ea0ad790034d1c34ec
untagged: wonderfall/privatebin:latest
untagged: wonderfall/privatebin@sha256:3876440ee9cb9a29ee4ce413386efa351c6f15bdd8451ce4e2aa278e94e6458b
deleted: sha256:7764d185b53b879d12f26c8ad5706528f7c97bfc138fc2dbf57b26d138436cc6
deleted: sha256:00c2db7ef9cb20f6e6343a2a5e9b6565bf2b4ee1a9169c5ff28fc57f21b5fc17
deleted: sha256:fe3c6520a1112c060f6539ea2f96a6a24177bb43e392e3d661a486ef8cb6f8db
deleted: sha256:db20c139a34396cab800edd7a453081370dcd452ced3a34108fe9c2d80474658
deleted: sha256:cabec5d0e5cca85478aecc3ac14e1a7eae11fab2440b4386cf08dc49389e2f0e
deleted: sha256:6d0dd68007784871195e5a2ba6eb518eb2c324ede40ce474d9e3ccc9e9f2b6b5
untagged: gitea/gitea:1.1
untagged: gitea/gitea@sha256:2129cecb41e4b81ecf45f7831319ac9e925dda9c1b24c0336395407f87fa32da
deleted: sha256:492614e5ed1296f3d6869cce0b372ac38a21acb10329e2df6fce07afceaba8ce
deleted: sha256:ef6e364b381115732834d2710e10991f418bbc7f0e458ad018a405c1c5c04b60
deleted: sha256:d779cef8e55e530f4c2d07c95c976302e89686b575e3098b3f29315e8d0699c5
deleted: sha256:de04ac95b42ebc69575474b72ac77811049f24de679abc7c1fb5f12b446b014d
untagged: unclev/prosody-docker-extended:0.10
untagged: unclev/prosody-docker-extended@sha256:d0efe4accbdc85f032de20be0d3fa1002f4df5b4293a2c654480ad04c2af1a65
deleted: sha256:8d901508eee3421212f8bf130d650950d05eabd99f13ed26c044d8fbb9a0a259
deleted: sha256:f875aae4576215e037e247fd1992d07759bfbc9b3419d2f168c507b96d726456
deleted: sha256:9b4d19899be503f5c5dba370c9ccfc8a165226c75f8b26146f57d5f253c51e04
deleted: sha256:0e42700d1ea7c7535a3f3647aaebf06956cdf8ddb04a141104d16cbb36a6f4ff
deleted: sha256:59cd2baae6fda8e2404e30a2fdb02716577fe6b3727bd081a37f0a9c78c9642b
deleted: sha256:73824bdd1a0182d57b3096d924dc441ee9b26b5037b5cbf3e0598141f6b323c9
deleted: sha256:ac81febef0fd8e3e2bed70d48a1b0963d7cd025f3bee4b4dc97fe78bf2e6331d
deleted: sha256:6e45a65bd5b6f5dcbd99f20daaae93d7b5860aff2488e5ef13ca8adca1ac5447

Total reclaimed space: 844.7MB
Total reclaimed space: 0B
