Sending build context to Docker daemon 23.04 kB
Step 1/21 : FROM alpine:edge
 ---> 8914de95a28d
Step 2/21 : ARG RTORRENT_VER=0.9.6
 ---> Using cache
 ---> ac58f1fa29c2
Step 3/21 : ARG LIBTORRENT_VER=0.13.6
 ---> Using cache
 ---> e627843a01e3
Step 4/21 : ARG MEDIAINFO_VER=0.7.93
 ---> Using cache
 ---> 11bcb481cfc2
Step 5/21 : ARG FILEBOT_VER=4.7.8
 ---> Using cache
 ---> e170581252ff
Step 6/21 : ARG BUILD_CORES
 ---> Using cache
 ---> 6753fcc034f0
Step 7/21 : ENV UID 991 GID 991 FLOOD_SECRET supersecret CONTEXT_PATH / RTORRENT_SCGI 0 PKG_CONFIG_PATH /usr/local/lib/pkgconfig
 ---> Using cache
 ---> 773be3d9f7d2
Step 8/21 : RUN apk -X http://nl.alpinelinux.org/alpine/v3.1/main -U --allow-untrusted --initdb add curl=7.49.1-r4 curl-dev=7.49.1-r4    && NB_CORES=${BUILD_CORES-`getconf _NPROCESSORS_CONF`}  && BUILD_DEPS="     build-base     git     libtool     automake     autoconf     wget     tar     xz     zlib-dev     cppunit-dev     libressl-dev     ncurses-dev     binutils"  && apk -U upgrade && apk add     ${BUILD_DEPS}     ca-certificates     ncurses     libressl     gzip     zip     zlib     unrar     s6     su-exec     python     nodejs     nodejs-npm
 ---> Running in 10d6fe6f410f
fetch http://nl.alpinelinux.org/alpine/v3.1/main/x86_64/APKINDEX.tar.gz
fetch http://dl-cdn.alpinelinux.org/alpine/edge/main/x86_64/APKINDEX.tar.gz
fetch http://dl-cdn.alpinelinux.org/alpine/edge/community/x86_64/APKINDEX.tar.gz
(1/15) Installing ca-certificates (20161130-r1)
(2/15) Installing libcrypto1.0 (1.0.1u-r0)
(3/15) Installing libssh2 (1.7.0-r2)
(4/15) Installing libssl1.0 (1.0.1u-r0)
(5/15) Installing curl (7.49.1-r4)
(6/15) Installing curl-doc (7.49.1-r4)
(7/15) Installing pkgconf (1.3.4-r1)
(8/15) Installing zlib-dev (1.2.11-r0)
(9/15) Installing openssl (1.0.1u-r0)
(10/15) Installing openssl-doc (1.0.1u-r0)
(11/15) Installing openssl-dev (1.0.1u-r0)
(12/15) Installing libressl2.4-libtls (2.4.5-r0)
(13/15) Installing libressl-dev (2.4.5-r0)
(14/15) Installing libssh2-dev (1.7.0-r2)
(15/15) Installing curl-dev (7.49.1-r4)
Executing busybox-1.26.2-r0.trigger
Executing ca-certificates-20161130-r1.trigger
OK: 35 MiB in 26 packages
fetch http://dl-cdn.alpinelinux.org/alpine/edge/main/x86_64/APKINDEX.tar.gz
fetch http://dl-cdn.alpinelinux.org/alpine/edge/community/x86_64/APKINDEX.tar.gz
Upgrading critical system libraries and apk-tools:
(1/1) Upgrading apk-tools (2.7.0-r0 -> 2.7.0-r2)
Executing busybox-1.26.2-r0.trigger
Continuing the upgrade transaction with new apk-tools:
fetch http://dl-cdn.alpinelinux.org/alpine/edge/main/x86_64/APKINDEX.tar.gz
fetch http://dl-cdn.alpinelinux.org/alpine/edge/community/x86_64/APKINDEX.tar.gz
(1/4) Upgrading musl (1.1.16-r3 -> 1.1.16-r7)
(2/4) Upgrading alpine-keys (1.3-r0 -> 2.0-r0)
(3/4) Upgrading scanelf (1.1.6-r0 -> 1.2.2-r0)
(4/4) Upgrading musl-utils (1.1.16-r3 -> 1.1.16-r7)
Executing busybox-1.26.2-r0.trigger
OK: 35 MiB in 26 packages
(1/56) Installing m4 (1.4.18-r0)
(2/56) Installing perl (5.24.1-r2)
(3/56) Installing autoconf (2.69-r0)
(4/56) Installing automake (1.15-r0)
(5/56) Installing binutils-libs (2.28-r0)
(6/56) Installing binutils (2.28-r0)
(7/56) Installing gmp (6.1.2-r0)
(8/56) Installing isl (0.17.1-r0)
(9/56) Installing libgomp (6.3.0-r1)
(10/56) Installing libatomic (6.3.0-r1)
(11/56) Installing libgcc (6.3.0-r1)
(12/56) Installing mpfr3 (3.1.5-r0)
(13/56) Installing mpc1 (1.0.3-r0)
(14/56) Installing libstdc++ (6.3.0-r1)
(15/56) Installing gcc (6.3.0-r1)
(16/56) Installing musl-dev (1.1.16-r7)
(17/56) Installing libc-dev (0.7.1-r0)
(18/56) Installing g++ (6.3.0-r1)
(19/56) Installing make (4.2.1-r0)
(20/56) Installing fortify-headers (0.8-r0)
(21/56) Installing build-base (0.5-r0)
(22/56) Installing cppunit (1.13.2-r1)
(23/56) Installing cppunit-dev (1.13.2-r1)
(24/56) Installing expat (2.2.0-r0)
(25/56) Installing pcre (8.40-r1)
(26/56) Installing git (2.12.2-r0)
(27/56) Installing gzip (1.8-r0)
(28/56) Installing libressl (2.4.5-r0)
(29/56) Installing ncurses-terminfo-base (6.0-r7)
(30/56) Installing ncurses-terminfo (6.0-r7)
(31/56) Installing ncurses-libs (6.0-r7)
(32/56) Installing readline (6.3.008-r5)
(33/56) Installing bash (4.3.48-r1)
Executing bash-4.3.48-r1.post-install
(34/56) Installing libltdl (2.4.6-r1)
(35/56) Installing libtool (2.4.6-r1)
(36/56) Installing ncurses (6.0-r7)
(37/56) Installing ncurses-dev (6.0-r7)
(38/56) Installing http-parser (2.7.1-r1)
(39/56) Installing libuv (1.11.0-r1)
(40/56) Installing nodejs (6.10.1-r0)
(41/56) Installing nodejs-npm (6.10.1-r0)
(42/56) Installing libbz2 (1.0.6-r5)
(43/56) Installing libffi (3.2.1-r3)
(44/56) Installing gdbm (1.12-r0)
(45/56) Installing sqlite-libs (3.18.0-r0)
(46/56) Installing python2 (2.7.13-r0)
